{"C:/Users/arthu/projetos/projetos_pessoais/ADA/payments-extract/payments-extract-ui/src/App.tsx": {"path":"C:/Users/arthu/projetos/projetos_pessoais/ADA/payments-extract/payments-extract-ui/src/App.tsx","statementMap":{"0":{"start":{"line":16,"column":20},"end":{"line":16,"column":null}},"1":{"start":{"line":18,"column":2},"end":{"line":20,"column":null}},"2":{"start":{"line":18,"column":14},"end":{"line":20,"column":null}},"3":{"start":{"line":22,"column":2},"end":{"line":39,"column":null}}},"fnMap":{"0":{"name":"App","decl":{"start":{"line":15,"column":9},"end":{"line":15,"column":13}},"loc":{"start":{"line":15,"column":32},"end":{"line":41,"column":null}}}},"branchMap":{"0":{"loc":{"start":{"line":18,"column":2},"end":{"line":20,"column":null}},"type":"if","locations":[{"start":{"line":18,"column":2},"end":{"line":20,"column":null}},{"start":{"line":18,"column":2},"end":{"line":20,"column":null}}]},"1":{"loc":{"start":{"line":31,"column":9},"end":{"line":31,"column":null}},"type":"binary-expr","locations":[{"start":{"line":31,"column":9},"end":{"line":31,"column":22}},{"start":{"line":31,"column":22},"end":{"line":31,"column":null}}]}},"s":{"0":3,"1":3,"2":1,"3":2},"f":{"0":3},"b":{"0":[1,2],"1":[2,0]}}
,"C:/Users/arthu/projetos/projetos_pessoais/ADA/payments-extract/payments-extract-ui/src/core/api/index.ts": {"path":"C:/Users/arthu/projetos/projetos_pessoais/ADA/payments-extract/payments-extract-ui/src/core/api/index.ts","statementMap":{"0":{"start":{"line":3,"column":24},"end":{"line":3,"column":null}},"1":{"start":{"line":5,"column":29},"end":{"line":5,"column":null}}},"fnMap":{},"branchMap":{},"s":{"0":2,"1":2},"f":{},"b":{}}
,"C:/Users/arthu/projetos/projetos_pessoais/ADA/payments-extract/payments-extract-ui/src/core/contexts/Color.tsx": {"path":"C:/Users/arthu/projetos/projetos_pessoais/ADA/payments-extract/payments-extract-ui/src/core/contexts/Color.tsx","statementMap":{"0":{"start":{"line":5,"column":32},"end":{"line":5,"column":null}},"1":{"start":{"line":12,"column":28},"end":{"line":12,"column":null}},"2":{"start":{"line":13,"column":22},"end":{"line":20,"column":null}},"3":{"start":{"line":14,"column":13},"end":{"line":18,"column":null}},"4":{"start":{"line":16,"column":10},"end":{"line":16,"column":null}},"5":{"start":{"line":16,"column":33},"end":{"line":16,"column":73}},"6":{"start":{"line":22,"column":18},"end":{"line":30,"column":null}},"7":{"start":{"line":24,"column":8},"end":{"line":28,"column":null}},"8":{"start":{"line":32,"column":4},"end":{"line":37,"column":null}}},"fnMap":{"0":{"name":"(anonymous_0)","decl":{"start":{"line":5,"column":65},"end":{"line":5,"column":71}},"loc":{"start":{"line":5,"column":71},"end":{"line":5,"column":74}}},"1":{"name":"ColorModeProvider","decl":{"start":{"line":11,"column":24},"end":{"line":11,"column":42}},"loc":{"start":{"line":11,"column":61},"end":{"line":39,"column":null}}},"2":{"name":"(anonymous_2)","decl":{"start":{"line":14,"column":6},"end":{"line":14,"column":13}},"loc":{"start":{"line":14,"column":13},"end":{"line":18,"column":null}}},"3":{"name":"(anonymous_3)","decl":{"start":{"line":15,"column":25},"end":{"line":15,"column":31}},"loc":{"start":{"line":15,"column":31},"end":{"line":17,"column":null}}},"4":{"name":"(anonymous_4)","decl":{"start":{"line":16,"column":18},"end":{"line":16,"column":19}},"loc":{"start":{"line":16,"column":33},"end":{"line":16,"column":73}}},"5":{"name":"(anonymous_5)","decl":{"start":{"line":23,"column":6},"end":{"line":23,"column":null}},"loc":{"start":{"line":24,"column":8},"end":{"line":28,"column":null}}}},"branchMap":{"0":{"loc":{"start":{"line":16,"column":33},"end":{"line":16,"column":73}},"type":"cond-expr","locations":[{"start":{"line":16,"column":56},"end":{"line":16,"column":65}},{"start":{"line":16,"column":65},"end":{"line":16,"column":73}}]}},"s":{"0":2,"1":0,"2":0,"3":0,"4":0,"5":0,"6":0,"7":0,"8":0},"f":{"0":0,"1":0,"2":0,"3":0,"4":0,"5":0},"b":{"0":[0,0]}}
,"C:/Users/arthu/projetos/projetos_pessoais/ADA/payments-extract/payments-extract-ui/src/core/contexts/Extract.tsx": {"path":"C:/Users/arthu/projetos/projetos_pessoais/ADA/payments-extract/payments-extract-ui/src/core/contexts/Extract.tsx","statementMap":{"0":{"start":{"line":21,"column":21},"end":{"line":27,"column":null}},"1":{"start":{"line":29,"column":30},"end":{"line":29,"column":null}},"2":{"start":{"line":35,"column":31},"end":{"line":66,"column":null}},"3":{"start":{"line":36,"column":34},"end":{"line":36,"column":null}},"4":{"start":{"line":37,"column":40},"end":{"line":37,"column":null}},"5":{"start":{"line":38,"column":34},"end":{"line":38,"column":null}},"6":{"start":{"line":39,"column":34},"end":{"line":39,"column":null}},"7":{"start":{"line":41,"column":25},"end":{"line":55,"column":null}},"8":{"start":{"line":42,"column":8},"end":{"line":42,"column":null}},"9":{"start":{"line":43,"column":23},"end":{"line":45,"column":null}},"10":{"start":{"line":47,"column":8},"end":{"line":54,"column":null}},"11":{"start":{"line":48,"column":30},"end":{"line":48,"column":43}},"12":{"start":{"line":50,"column":16},"end":{"line":50,"column":null}},"13":{"start":{"line":51,"column":16},"end":{"line":51,"column":null}},"14":{"start":{"line":52,"column":16},"end":{"line":52,"column":null}},"15":{"start":{"line":53,"column":16},"end":{"line":53,"column":null}},"16":{"start":{"line":57,"column":4},"end":{"line":59,"column":null}},"17":{"start":{"line":58,"column":8},"end":{"line":58,"column":null}},"18":{"start":{"line":58,"column":21},"end":{"line":58,"column":null}},"19":{"start":{"line":61,"column":4},"end":{"line":64,"column":null}}},"fnMap":{"0":{"name":"(anonymous_0)","decl":{"start":{"line":26,"column":18},"end":{"line":26,"column":24}},"loc":{"start":{"line":26,"column":24},"end":{"line":26,"column":null}}},"1":{"name":"(anonymous_1)","decl":{"start":{"line":35,"column":31},"end":{"line":35,"column":32}},"loc":{"start":{"line":35,"column":65},"end":{"line":66,"column":null}}},"2":{"name":"(anonymous_2)","decl":{"start":{"line":41,"column":25},"end":{"line":41,"column":26}},"loc":{"start":{"line":41,"column":47},"end":{"line":55,"column":null}}},"3":{"name":"(anonymous_3)","decl":{"start":{"line":48,"column":18},"end":{"line":48,"column":30}},"loc":{"start":{"line":48,"column":30},"end":{"line":48,"column":43}}},"4":{"name":"(anonymous_4)","decl":{"start":{"line":49,"column":18},"end":{"line":49,"column":26}},"loc":{"start":{"line":49,"column":26},"end":{"line":54,"column":13}}},"5":{"name":"(anonymous_5)","decl":{"start":{"line":57,"column":14},"end":{"line":57,"column":20}},"loc":{"start":{"line":57,"column":20},"end":{"line":59,"column":7}}},"6":{"name":"(anonymous_6)","decl":{"start":{"line":58,"column":15},"end":{"line":58,"column":21}},"loc":{"start":{"line":58,"column":21},"end":{"line":58,"column":null}}}},"branchMap":{"0":{"loc":{"start":{"line":41,"column":26},"end":{"line":41,"column":47}},"type":"default-arg","locations":[{"start":{"line":41,"column":41},"end":{"line":41,"column":47}}]}},"s":{"0":2,"1":2,"2":2,"3":0,"4":0,"5":0,"6":0,"7":0,"8":0,"9":0,"10":0,"11":0,"12":0,"13":0,"14":0,"15":0,"16":0,"17":0,"18":0,"19":0},"f":{"0":0,"1":0,"2":0,"3":0,"4":0,"5":0,"6":0},"b":{"0":[0]}}
,"C:/Users/arthu/projetos/projetos_pessoais/ADA/payments-extract/payments-extract-ui/src/core/hooks/color.tsx": {"path":"C:/Users/arthu/projetos/projetos_pessoais/ADA/payments-extract/payments-extract-ui/src/core/hooks/color.tsx","statementMap":{"0":{"start":{"line":4,"column":28},"end":{"line":6,"column":null}},"1":{"start":{"line":5,"column":4},"end":{"line":5,"column":null}}},"fnMap":{"0":{"name":"(anonymous_0)","decl":{"start":{"line":4,"column":28},"end":{"line":4,"column":34}},"loc":{"start":{"line":4,"column":34},"end":{"line":6,"column":null}}}},"branchMap":{},"s":{"0":1,"1":0},"f":{"0":0},"b":{}}
,"C:/Users/arthu/projetos/projetos_pessoais/ADA/payments-extract/payments-extract-ui/src/core/hooks/extract.tsx": {"path":"C:/Users/arthu/projetos/projetos_pessoais/ADA/payments-extract/payments-extract-ui/src/core/hooks/extract.tsx","statementMap":{"0":{"start":{"line":4,"column":26},"end":{"line":6,"column":null}},"1":{"start":{"line":5,"column":4},"end":{"line":5,"column":null}}},"fnMap":{"0":{"name":"(anonymous_0)","decl":{"start":{"line":4,"column":26},"end":{"line":4,"column":32}},"loc":{"start":{"line":4,"column":32},"end":{"line":6,"column":null}}}},"branchMap":{},"s":{"0":2,"1":10},"f":{"0":10},"b":{}}
,"C:/Users/arthu/projetos/projetos_pessoais/ADA/payments-extract/payments-extract-ui/src/core/utils/currency.ts": {"path":"C:/Users/arthu/projetos/projetos_pessoais/ADA/payments-extract/payments-extract-ui/src/core/utils/currency.ts","statementMap":{"0":{"start":{"line":2,"column":23},"end":{"line":2,"column":null}},"1":{"start":{"line":3,"column":27},"end":{"line":3,"column":null}},"2":{"start":{"line":6,"column":24},"end":{"line":6,"column":51}},"3":{"start":{"line":9,"column":8},"end":{"line":9,"column":null}},"4":{"start":{"line":9,"column":19},"end":{"line":9,"column":null}},"5":{"start":{"line":11,"column":42},"end":{"line":11,"column":null}},"6":{"start":{"line":14,"column":36},"end":{"line":14,"column":null}},"7":{"start":{"line":15,"column":29},"end":{"line":15,"column":null}},"8":{"start":{"line":16,"column":36},"end":{"line":16,"column":null}},"9":{"start":{"line":17,"column":34},"end":{"line":17,"column":null}},"10":{"start":{"line":19,"column":8},"end":{"line":19,"column":null}},"11":{"start":{"line":19,"column":31},"end":{"line":19,"column":null}},"12":{"start":{"line":20,"column":8},"end":{"line":20,"column":null}},"13":{"start":{"line":24,"column":8},"end":{"line":24,"column":null}},"14":{"start":{"line":28,"column":8},"end":{"line":28,"column":null}},"15":{"start":{"line":32,"column":8},"end":{"line":32,"column":null}},"16":{"start":{"line":36,"column":8},"end":{"line":36,"column":null}},"17":{"start":{"line":36,"column":37},"end":{"line":36,"column":null}},"18":{"start":{"line":37,"column":23},"end":{"line":37,"column":null}},"19":{"start":{"line":38,"column":29},"end":{"line":38,"column":null}},"20":{"start":{"line":40,"column":8},"end":{"line":40,"column":null}}},"fnMap":{"0":{"name":"(anonymous_0)","decl":{"start":{"line":6,"column":4},"end":{"line":6,"column":24}},"loc":{"start":{"line":6,"column":51},"end":{"line":6,"column":null}}},"1":{"name":"(anonymous_1)","decl":{"start":{"line":8,"column":12},"end":{"line":8,"column":21}},"loc":{"start":{"line":8,"column":56},"end":{"line":21,"column":null}}},"2":{"name":"(anonymous_2)","decl":{"start":{"line":23,"column":12},"end":{"line":23,"column":35}},"loc":{"start":{"line":23,"column":68},"end":{"line":25,"column":null}}},"3":{"name":"(anonymous_3)","decl":{"start":{"line":27,"column":12},"end":{"line":27,"column":26}},"loc":{"start":{"line":27,"column":49},"end":{"line":29,"column":null}}},"4":{"name":"(anonymous_4)","decl":{"start":{"line":31,"column":4},"end":{"line":31,"column":21}},"loc":{"start":{"line":31,"column":21},"end":{"line":33,"column":null}}},"5":{"name":"(anonymous_5)","decl":{"start":{"line":35,"column":4},"end":{"line":35,"column":34}},"loc":{"start":{"line":35,"column":34},"end":{"line":41,"column":null}}}},"branchMap":{"0":{"loc":{"start":{"line":9,"column":8},"end":{"line":9,"column":null}},"type":"if","locations":[{"start":{"line":9,"column":8},"end":{"line":9,"column":null}},{"start":{"line":9,"column":8},"end":{"line":9,"column":null}}]},"1":{"loc":{"start":{"line":15,"column":29},"end":{"line":15,"column":null}},"type":"binary-expr","locations":[{"start":{"line":15,"column":29},"end":{"line":15,"column":78}},{"start":{"line":15,"column":78},"end":{"line":15,"column":null}}]},"2":{"loc":{"start":{"line":19,"column":8},"end":{"line":19,"column":null}},"type":"if","locations":[{"start":{"line":19,"column":8},"end":{"line":19,"column":null}},{"start":{"line":19,"column":8},"end":{"line":19,"column":null}}]},"3":{"loc":{"start":{"line":36,"column":8},"end":{"line":36,"column":null}},"type":"if","locations":[{"start":{"line":36,"column":8},"end":{"line":36,"column":null}},{"start":{"line":36,"column":8},"end":{"line":36,"column":null}}]},"4":{"loc":{"start":{"line":37,"column":23},"end":{"line":37,"column":null}},"type":"cond-expr","locations":[{"start":{"line":37,"column":41},"end":{"line":37,"column":55}},{"start":{"line":37,"column":55},"end":{"line":37,"column":null}}]},"5":{"loc":{"start":{"line":40,"column":15},"end":{"line":40,"column":null}},"type":"cond-expr","locations":[{"start":{"line":40,"column":33},"end":{"line":40,"column":48}},{"start":{"line":40,"column":48},"end":{"line":40,"column":null}}]}},"s":{"0":3,"1":3,"2":26,"3":25,"4":0,"5":25,"6":25,"7":25,"8":25,"9":25,"10":25,"11":0,"12":25,"13":25,"14":55,"15":9,"16":16,"17":0,"18":16,"19":16,"20":16},"f":{"0":26,"1":25,"2":25,"3":55,"4":9,"5":16},"b":{"0":[0,25],"1":[25,0],"2":[0,25],"3":[0,16],"4":[11,5],"5":[11,5]}}
,"C:/Users/arthu/projetos/projetos_pessoais/ADA/payments-extract/payments-extract-ui/src/core/utils/date.ts": {"path":"C:/Users/arthu/projetos/projetos_pessoais/ADA/payments-extract/payments-extract-ui/src/core/utils/date.ts","statementMap":{"0":{"start":{"line":2,"column":24},"end":{"line":2,"column":50}},"1":{"start":{"line":5,"column":8},"end":{"line":5,"column":null}},"2":{"start":{"line":5,"column":23},"end":{"line":5,"column":null}},"3":{"start":{"line":7,"column":8},"end":{"line":7,"column":null}},"4":{"start":{"line":12,"column":24},"end":{"line":12,"column":50}},"5":{"start":{"line":15,"column":24},"end":{"line":15,"column":null}},"6":{"start":{"line":17,"column":8},"end":{"line":25,"column":null}}},"fnMap":{"0":{"name":"(anonymous_0)","decl":{"start":{"line":2,"column":4},"end":{"line":2,"column":24}},"loc":{"start":{"line":2,"column":50},"end":{"line":2,"column":null}}},"1":{"name":"(anonymous_1)","decl":{"start":{"line":4,"column":4},"end":{"line":4,"column":27}},"loc":{"start":{"line":4,"column":27},"end":{"line":8,"column":null}}},"2":{"name":"(anonymous_2)","decl":{"start":{"line":12,"column":4},"end":{"line":12,"column":24}},"loc":{"start":{"line":12,"column":50},"end":{"line":12,"column":null}}},"3":{"name":"(anonymous_3)","decl":{"start":{"line":14,"column":4},"end":{"line":14,"column":27}},"loc":{"start":{"line":14,"column":27},"end":{"line":26,"column":null}}}},"branchMap":{"0":{"loc":{"start":{"line":5,"column":8},"end":{"line":5,"column":null}},"type":"if","locations":[{"start":{"line":5,"column":8},"end":{"line":5,"column":null}},{"start":{"line":5,"column":8},"end":{"line":5,"column":null}}]},"1":{"loc":{"start":{"line":15,"column":24},"end":{"line":15,"column":null}},"type":"cond-expr","locations":[{"start":{"line":15,"column":36},"end":{"line":15,"column":58}},{"start":{"line":15,"column":58},"end":{"line":15,"column":null}}]},"2":{"loc":{"start":{"line":20,"column":12},"end":{"line":22,"column":null}},"type":"cond-expr","locations":[{"start":{"line":21,"column":16},"end":{"line":21,"column":null}},{"start":{"line":22,"column":16},"end":{"line":22,"column":null}}]}},"s":{"0":6,"1":5,"2":0,"3":5,"4":7,"5":6,"6":6},"f":{"0":6,"1":5,"2":7,"3":6},"b":{"0":[0,5],"1":[6,0],"2":[0,6]}}
,"C:/Users/arthu/projetos/projetos_pessoais/ADA/payments-extract/payments-extract-ui/src/shared/colorToggle/index.tsx": {"path":"C:/Users/arthu/projetos/projetos_pessoais/ADA/payments-extract/payments-extract-ui/src/shared/colorToggle/index.tsx","statementMap":{"0":{"start":{"line":9,"column":23},"end":{"line":9,"column":null}},"1":{"start":{"line":10,"column":22},"end":{"line":10,"column":null}},"2":{"start":{"line":12,"column":24},"end":{"line":14,"column":null}},"3":{"start":{"line":13,"column":8},"end":{"line":13,"column":null}},"4":{"start":{"line":16,"column":4},"end":{"line":19,"column":null}}},"fnMap":{"0":{"name":"ColorToggle","decl":{"start":{"line":7,"column":16},"end":{"line":7,"column":30}},"loc":{"start":{"line":7,"column":30},"end":{"line":21,"column":null}}},"1":{"name":"(anonymous_1)","decl":{"start":{"line":12,"column":24},"end":{"line":12,"column":30}},"loc":{"start":{"line":12,"column":30},"end":{"line":14,"column":null}}}},"branchMap":{"0":{"loc":{"start":{"line":18,"column":13},"end":{"line":18,"column":null}},"type":"cond-expr","locations":[{"start":{"line":18,"column":45},"end":{"line":18,"column":64}},{"start":{"line":18,"column":64},"end":{"line":18,"column":null}}]}},"s":{"0":0,"1":0,"2":0,"3":0,"4":0},"f":{"0":0,"1":0},"b":{"0":[0,0]}}
,"C:/Users/arthu/projetos/projetos_pessoais/ADA/payments-extract/payments-extract-ui/src/shared/extract/index.tsx": {"path":"C:/Users/arthu/projetos/projetos_pessoais/ADA/payments-extract/payments-extract-ui/src/shared/extract/index.tsx","statementMap":{"0":{"start":{"line":19,"column":50},"end":{"line":19,"column":null}},"1":{"start":{"line":22,"column":29},"end":{"line":24,"column":null}},"2":{"start":{"line":23,"column":8},"end":{"line":23,"column":null}},"3":{"start":{"line":26,"column":4},"end":{"line":67,"column":null}},"4":{"start":{"line":42,"column":20},"end":{"line":51,"column":null}}},"fnMap":{"0":{"name":"ExtractList","decl":{"start":{"line":18,"column":16},"end":{"line":18,"column":30}},"loc":{"start":{"line":18,"column":30},"end":{"line":68,"column":null}}},"1":{"name":"(anonymous_1)","decl":{"start":{"line":22,"column":29},"end":{"line":22,"column":30}},"loc":{"start":{"line":22,"column":58},"end":{"line":24,"column":null}}},"2":{"name":"(anonymous_2)","decl":{"start":{"line":41,"column":29},"end":{"line":41,"column":30}},"loc":{"start":{"line":42,"column":20},"end":{"line":51,"column":null}}}},"branchMap":{"0":{"loc":{"start":{"line":57,"column":31},"end":{"line":57,"column":null}},"type":"binary-expr","locations":[{"start":{"line":57,"column":31},"end":{"line":57,"column":60}},{"start":{"line":57,"column":60},"end":{"line":57,"column":null}}]},"1":{"loc":{"start":{"line":58,"column":37},"end":{"line":58,"column":null}},"type":"binary-expr","locations":[{"start":{"line":58,"column":37},"end":{"line":58,"column":61}},{"start":{"line":58,"column":61},"end":{"line":58,"column":null}}]},"2":{"loc":{"start":{"line":59,"column":30},"end":{"line":59,"column":null}},"type":"binary-expr","locations":[{"start":{"line":59,"column":30},"end":{"line":59,"column":56}},{"start":{"line":59,"column":56},"end":{"line":59,"column":null}}]}},"s":{"0":5,"1":5,"2":1,"3":5,"4":5},"f":{"0":5,"1":1,"2":5},"b":{"0":[5,0],"1":[5,0],"2":[5,0]}}
,"C:/Users/arthu/projetos/projetos_pessoais/ADA/payments-extract/payments-extract-ui/src/shared/summary/index.tsx": {"path":"C:/Users/arthu/projetos/projetos_pessoais/ADA/payments-extract/payments-extract-ui/src/shared/summary/index.tsx","statementMap":{"0":{"start":{"line":7,"column":24},"end":{"line":7,"column":null}},"1":{"start":{"line":9,"column":29},"end":{"line":13,"column":null}},"2":{"start":{"line":15,"column":25},"end":{"line":18,"column":null}},"3":{"start":{"line":20,"column":4},"end":{"line":39,"column":null}}},"fnMap":{"0":{"name":"SummaryCard","decl":{"start":{"line":6,"column":16},"end":{"line":6,"column":30}},"loc":{"start":{"line":6,"column":30},"end":{"line":41,"column":null}}}},"branchMap":{},"s":{"0":2,"1":2,"2":2,"3":2},"f":{"0":2},"b":{}}
,"C:/Users/arthu/projetos/projetos_pessoais/ADA/payments-extract/payments-extract-ui/src/testing/mocks/extract.ts": {"path":"C:/Users/arthu/projetos/projetos_pessoais/ADA/payments-extract/payments-extract-ui/src/testing/mocks/extract.ts","statementMap":{"0":{"start":{"line":1,"column":27},"end":{"line":24,"column":null}}},"fnMap":{},"branchMap":{},"s":{"0":2},"f":{},"b":{}}
,"C:/Users/arthu/projetos/projetos_pessoais/ADA/payments-extract/payments-extract-ui/src/testing/mocks/paginnation.ts": {"path":"C:/Users/arthu/projetos/projetos_pessoais/ADA/payments-extract/payments-extract-ui/src/testing/mocks/paginnation.ts","statementMap":{"0":{"start":{"line":1,"column":31},"end":{"line":8,"column":null}}},"fnMap":{},"branchMap":{},"s":{"0":2},"f":{},"b":{}}
,"C:/Users/arthu/projetos/projetos_pessoais/ADA/payments-extract/payments-extract-ui/src/testing/mocks/summary.ts": {"path":"C:/Users/arthu/projetos/projetos_pessoais/ADA/payments-extract/payments-extract-ui/src/testing/mocks/summary.ts","statementMap":{"0":{"start":{"line":1,"column":27},"end":{"line":8,"column":null}}},"fnMap":{},"branchMap":{},"s":{"0":2},"f":{},"b":{}}
}
